{"/Users/lindsey/Documents/React-Fast-Food/src/App.js": {"path":"/Users/lindsey/Documents/React-Fast-Food/src/App.js","statementMap":{"0":{"start":{"line":11,"column":4},"end":{"line":23,"column":6}}},"fnMap":{"0":{"name":"(anonymous_0)","decl":{"start":{"line":10,"column":2},"end":{"line":10,"column":3}},"loc":{"start":{"line":10,"column":11},"end":{"line":24,"column":3}},"line":10}},"branchMap":{},"s":{"0":1},"f":{"0":1},"b":{},"_coverageSchema":"43e27e138ebf9cfc5966b082cf9a028302ed4184","hash":"78bc5f47236bd28f4bbf96c149c8d2bbc2f3a4dc"}
,"/Users/lindsey/Documents/React-Fast-Food/src/actions/AuthActions.js": {"path":"/Users/lindsey/Documents/React-Fast-Food/src/actions/AuthActions.js","statementMap":{"0":{"start":{"line":5,"column":21},"end":{"line":5,"column":40}},"1":{"start":{"line":6,"column":28},"end":{"line":28,"column":1}},"2":{"start":{"line":6,"column":51},"end":{"line":28,"column":1}},"3":{"start":{"line":7,"column":2},"end":{"line":27,"column":7}},"4":{"start":{"line":15,"column":17},"end":{"line":15,"column":27}},"5":{"start":{"line":17,"column":6},"end":{"line":17,"column":23}},"6":{"start":{"line":18,"column":6},"end":{"line":26,"column":7}},"7":{"start":{"line":19,"column":8},"end":{"line":19,"column":34}},"8":{"start":{"line":25,"column":8},"end":{"line":25,"column":26}},"9":{"start":{"line":30,"column":25},"end":{"line":54,"column":1}},"10":{"start":{"line":30,"column":48},"end":{"line":54,"column":1}},"11":{"start":{"line":31,"column":2},"end":{"line":53,"column":7}},"12":{"start":{"line":39,"column":17},"end":{"line":39,"column":27}},"13":{"start":{"line":41,"column":6},"end":{"line":52,"column":7}},"14":{"start":{"line":42,"column":8},"end":{"line":45,"column":11}},"15":{"start":{"line":47,"column":20},"end":{"line":47,"column":35}},"16":{"start":{"line":48,"column":8},"end":{"line":48,"column":45}},"17":{"start":{"line":50,"column":8},"end":{"line":50,"column":30}},"18":{"start":{"line":51,"column":8},"end":{"line":51,"column":20}}},"fnMap":{"0":{"name":"(anonymous_0)","decl":{"start":{"line":6,"column":28},"end":{"line":6,"column":29}},"loc":{"start":{"line":6,"column":51},"end":{"line":28,"column":1}},"line":6},"1":{"name":"(anonymous_1)","decl":{"start":{"line":6,"column":51},"end":{"line":6,"column":52}},"loc":{"start":{"line":6,"column":63},"end":{"line":28,"column":1}},"line":6},"2":{"name":"(anonymous_2)","decl":{"start":{"line":15,"column":10},"end":{"line":15,"column":11}},"loc":{"start":{"line":15,"column":17},"end":{"line":15,"column":27}},"line":15},"3":{"name":"(anonymous_3)","decl":{"start":{"line":16,"column":10},"end":{"line":16,"column":11}},"loc":{"start":{"line":16,"column":18},"end":{"line":27,"column":5}},"line":16},"4":{"name":"(anonymous_4)","decl":{"start":{"line":30,"column":25},"end":{"line":30,"column":26}},"loc":{"start":{"line":30,"column":48},"end":{"line":54,"column":1}},"line":30},"5":{"name":"(anonymous_5)","decl":{"start":{"line":30,"column":48},"end":{"line":30,"column":49}},"loc":{"start":{"line":30,"column":60},"end":{"line":54,"column":1}},"line":30},"6":{"name":"(anonymous_6)","decl":{"start":{"line":39,"column":10},"end":{"line":39,"column":11}},"loc":{"start":{"line":39,"column":17},"end":{"line":39,"column":27}},"line":39},"7":{"name":"(anonymous_7)","decl":{"start":{"line":40,"column":10},"end":{"line":40,"column":11}},"loc":{"start":{"line":40,"column":18},"end":{"line":53,"column":5}},"line":40}},"branchMap":{"0":{"loc":{"start":{"line":18,"column":6},"end":{"line":26,"column":7}},"type":"if","locations":[{"start":{"line":18,"column":6},"end":{"line":26,"column":7}},{"start":{"line":18,"column":6},"end":{"line":26,"column":7}}],"line":18},"1":{"loc":{"start":{"line":41,"column":6},"end":{"line":52,"column":7}},"type":"if","locations":[{"start":{"line":41,"column":6},"end":{"line":52,"column":7}},{"start":{"line":41,"column":6},"end":{"line":52,"column":7}}],"line":41}},"s":{"0":4,"1":4,"2":1,"3":1,"4":1,"5":1,"6":1,"7":0,"8":1,"9":4,"10":1,"11":1,"12":1,"13":1,"14":0,"15":1,"16":1,"17":1,"18":1},"f":{"0":1,"1":1,"2":1,"3":1,"4":1,"5":1,"6":1,"7":1},"b":{"0":[0,1],"1":[0,1]},"_coverageSchema":"43e27e138ebf9cfc5966b082cf9a028302ed4184","hash":"21970362e2c3b4f99b9d291afdedc7e545df1053"}
,"/Users/lindsey/Documents/React-Fast-Food/src/components/Login.js": {"path":"/Users/lindsey/Documents/React-Fast-Food/src/components/Login.js","statementMap":{"0":{"start":{"line":10,"column":4},"end":{"line":10,"column":17}},"1":{"start":{"line":11,"column":4},"end":{"line":15,"column":6}},"2":{"start":{"line":19,"column":4},"end":{"line":19,"column":45}},"3":{"start":{"line":20,"column":4},"end":{"line":20,"column":45}},"4":{"start":{"line":23,"column":4},"end":{"line":25,"column":5}},"5":{"start":{"line":24,"column":6},"end":{"line":24,"column":50}},"6":{"start":{"line":28,"column":4},"end":{"line":28,"column":55}},"7":{"start":{"line":32,"column":4},"end":{"line":32,"column":23}},"8":{"start":{"line":33,"column":20},"end":{"line":36,"column":5}},"9":{"start":{"line":37,"column":4},"end":{"line":37,"column":54}},"10":{"start":{"line":41,"column":23},"end":{"line":41,"column":33}},"11":{"start":{"line":43,"column":4},"end":{"line":100,"column":6}},"12":{"start":{"line":104,"column":0},"end":{"line":108,"column":2}},"13":{"start":{"line":109,"column":24},"end":{"line":112,"column":2}},"14":{"start":{"line":109,"column":34},"end":{"line":112,"column":1}}},"fnMap":{"0":{"name":"(anonymous_0)","decl":{"start":{"line":9,"column":2},"end":{"line":9,"column":3}},"loc":{"start":{"line":9,"column":21},"end":{"line":21,"column":3}},"line":9},"1":{"name":"(anonymous_1)","decl":{"start":{"line":22,"column":2},"end":{"line":22,"column":3}},"loc":{"start":{"line":22,"column":39},"end":{"line":26,"column":3}},"line":22},"2":{"name":"(anonymous_2)","decl":{"start":{"line":27,"column":2},"end":{"line":27,"column":3}},"loc":{"start":{"line":27,"column":14},"end":{"line":29,"column":3}},"line":27},"3":{"name":"(anonymous_3)","decl":{"start":{"line":31,"column":2},"end":{"line":31,"column":3}},"loc":{"start":{"line":31,"column":14},"end":{"line":38,"column":3}},"line":31},"4":{"name":"(anonymous_4)","decl":{"start":{"line":40,"column":2},"end":{"line":40,"column":3}},"loc":{"start":{"line":40,"column":11},"end":{"line":101,"column":3}},"line":40},"5":{"name":"(anonymous_5)","decl":{"start":{"line":109,"column":24},"end":{"line":109,"column":25}},"loc":{"start":{"line":109,"column":34},"end":{"line":112,"column":1}},"line":109}},"branchMap":{"0":{"loc":{"start":{"line":23,"column":4},"end":{"line":25,"column":5}},"type":"if","locations":[{"start":{"line":23,"column":4},"end":{"line":25,"column":5}},{"start":{"line":23,"column":4},"end":{"line":25,"column":5}}],"line":23},"1":{"loc":{"start":{"line":57,"column":17},"end":{"line":59,"column":19}},"type":"binary-expr","locations":[{"start":{"line":57,"column":17},"end":{"line":57,"column":29}},{"start":{"line":58,"column":20},"end":{"line":58,"column":74}}],"line":57},"2":{"loc":{"start":{"line":82,"column":19},"end":{"line":84,"column":19}},"type":"binary-expr","locations":[{"start":{"line":82,"column":19},"end":{"line":82,"column":34}},{"start":{"line":83,"column":20},"end":{"line":83,"column":77}}],"line":82}},"s":{"0":7,"1":7,"2":7,"3":7,"4":1,"5":1,"6":1,"7":1,"8":1,"9":1,"10":9,"11":9,"12":2,"13":2,"14":0},"f":{"0":7,"1":1,"2":1,"3":1,"4":9,"5":0},"b":{"0":[1,0],"1":[9,0],"2":[9,0]},"_coverageSchema":"43e27e138ebf9cfc5966b082cf9a028302ed4184","hash":"78b2290d74ebfb58a9646f3435f7e155d47d1904"}
,"/Users/lindsey/Documents/React-Fast-Food/src/components/Signup.js": {"path":"/Users/lindsey/Documents/React-Fast-Food/src/components/Signup.js","statementMap":{"0":{"start":{"line":10,"column":4},"end":{"line":10,"column":17}},"1":{"start":{"line":11,"column":4},"end":{"line":15,"column":6}},"2":{"start":{"line":19,"column":4},"end":{"line":19,"column":45}},"3":{"start":{"line":20,"column":4},"end":{"line":20,"column":45}},"4":{"start":{"line":23,"column":4},"end":{"line":25,"column":5}},"5":{"start":{"line":24,"column":6},"end":{"line":24,"column":50}},"6":{"start":{"line":28,"column":4},"end":{"line":28,"column":55}},"7":{"start":{"line":32,"column":4},"end":{"line":32,"column":23}},"8":{"start":{"line":33,"column":20},"end":{"line":36,"column":5}},"9":{"start":{"line":37,"column":4},"end":{"line":37,"column":57}},"10":{"start":{"line":41,"column":23},"end":{"line":41,"column":33}},"11":{"start":{"line":43,"column":4},"end":{"line":100,"column":6}},"12":{"start":{"line":104,"column":0},"end":{"line":108,"column":2}},"13":{"start":{"line":109,"column":24},"end":{"line":112,"column":2}},"14":{"start":{"line":109,"column":34},"end":{"line":112,"column":1}}},"fnMap":{"0":{"name":"(anonymous_0)","decl":{"start":{"line":9,"column":2},"end":{"line":9,"column":3}},"loc":{"start":{"line":9,"column":21},"end":{"line":21,"column":3}},"line":9},"1":{"name":"(anonymous_1)","decl":{"start":{"line":22,"column":2},"end":{"line":22,"column":3}},"loc":{"start":{"line":22,"column":39},"end":{"line":26,"column":3}},"line":22},"2":{"name":"(anonymous_2)","decl":{"start":{"line":27,"column":2},"end":{"line":27,"column":3}},"loc":{"start":{"line":27,"column":14},"end":{"line":29,"column":3}},"line":27},"3":{"name":"(anonymous_3)","decl":{"start":{"line":31,"column":2},"end":{"line":31,"column":3}},"loc":{"start":{"line":31,"column":14},"end":{"line":38,"column":3}},"line":31},"4":{"name":"(anonymous_4)","decl":{"start":{"line":40,"column":2},"end":{"line":40,"column":3}},"loc":{"start":{"line":40,"column":11},"end":{"line":101,"column":3}},"line":40},"5":{"name":"(anonymous_5)","decl":{"start":{"line":109,"column":24},"end":{"line":109,"column":25}},"loc":{"start":{"line":109,"column":34},"end":{"line":112,"column":1}},"line":109}},"branchMap":{"0":{"loc":{"start":{"line":23,"column":4},"end":{"line":25,"column":5}},"type":"if","locations":[{"start":{"line":23,"column":4},"end":{"line":25,"column":5}},{"start":{"line":23,"column":4},"end":{"line":25,"column":5}}],"line":23},"1":{"loc":{"start":{"line":67,"column":19},"end":{"line":69,"column":19}},"type":"binary-expr","locations":[{"start":{"line":67,"column":19},"end":{"line":67,"column":31}},{"start":{"line":68,"column":20},"end":{"line":68,"column":74}}],"line":67},"2":{"loc":{"start":{"line":82,"column":19},"end":{"line":84,"column":19}},"type":"binary-expr","locations":[{"start":{"line":82,"column":19},"end":{"line":82,"column":34}},{"start":{"line":83,"column":20},"end":{"line":83,"column":77}}],"line":82}},"s":{"0":3,"1":3,"2":3,"3":3,"4":1,"5":1,"6":1,"7":1,"8":1,"9":1,"10":5,"11":5,"12":2,"13":2,"14":0},"f":{"0":3,"1":1,"2":1,"3":1,"4":5,"5":0},"b":{"0":[1,0],"1":[5,1],"2":[5,0]},"_coverageSchema":"43e27e138ebf9cfc5966b082cf9a028302ed4184","hash":"5260c98d0932b4a60d2981be5061643ef14cf4d4"}
,"/Users/lindsey/Documents/React-Fast-Food/src/constants/ActionTypes.js": {"path":"/Users/lindsey/Documents/React-Fast-Food/src/constants/ActionTypes.js","statementMap":{"0":{"start":{"line":1,"column":26},"end":{"line":1,"column":38}}},"fnMap":{},"branchMap":{},"s":{"0":4},"f":{},"b":{},"_coverageSchema":"43e27e138ebf9cfc5966b082cf9a028302ed4184","hash":"b7cac2134f86d6db8b512a8a8bd86bebe7f3feee"}
}
