TN:
SF:/Users/lindsey/Documents/React-Fast-Food/src/App.js
FN:10,(anonymous_0)
FNF:1
FNH:1
FNDA:1,(anonymous_0)
DA:11,1
LF:1
LH:1
BRF:0
BRH:0
end_of_record
TN:
SF:/Users/lindsey/Documents/React-Fast-Food/src/actions/AuthActions.js
FN:6,(anonymous_0)
FN:6,(anonymous_1)
FN:15,(anonymous_2)
FN:16,(anonymous_3)
FN:30,(anonymous_4)
FN:30,(anonymous_5)
FN:39,(anonymous_6)
FN:40,(anonymous_7)
FNF:8
FNH:8
FNDA:1,(anonymous_0)
FNDA:1,(anonymous_1)
FNDA:1,(anonymous_2)
FNDA:1,(anonymous_3)
FNDA:1,(anonymous_4)
FNDA:1,(anonymous_5)
FNDA:1,(anonymous_6)
FNDA:1,(anonymous_7)
DA:5,4
DA:6,4
DA:7,1
DA:15,1
DA:17,1
DA:18,1
DA:19,0
DA:25,1
DA:30,4
DA:31,1
DA:39,1
DA:41,1
DA:42,0
DA:47,1
DA:48,1
DA:50,1
DA:51,1
LF:17
LH:15
BRDA:18,0,0,0
BRDA:18,0,1,1
BRDA:41,1,0,0
BRDA:41,1,1,1
BRF:4
BRH:2
end_of_record
TN:
SF:/Users/lindsey/Documents/React-Fast-Food/src/components/Login.js
FN:9,(anonymous_0)
FN:22,(anonymous_1)
FN:27,(anonymous_2)
FN:31,(anonymous_3)
FN:40,(anonymous_4)
FN:109,(anonymous_5)
FNF:6
FNH:5
FNDA:7,(anonymous_0)
FNDA:1,(anonymous_1)
FNDA:1,(anonymous_2)
FNDA:1,(anonymous_3)
FNDA:9,(anonymous_4)
FNDA:0,(anonymous_5)
DA:10,7
DA:11,7
DA:19,7
DA:20,7
DA:23,1
DA:24,1
DA:28,1
DA:32,1
DA:33,1
DA:37,1
DA:41,9
DA:43,9
DA:104,2
DA:109,2
LF:14
LH:14
BRDA:23,0,0,1
BRDA:23,0,1,0
BRDA:57,1,0,9
BRDA:57,1,1,0
BRDA:82,2,0,9
BRDA:82,2,1,0
BRF:6
BRH:3
end_of_record
TN:
SF:/Users/lindsey/Documents/React-Fast-Food/src/components/Signup.js
FN:9,(anonymous_0)
FN:22,(anonymous_1)
FN:27,(anonymous_2)
FN:31,(anonymous_3)
FN:40,(anonymous_4)
FN:109,(anonymous_5)
FNF:6
FNH:5
FNDA:3,(anonymous_0)
FNDA:1,(anonymous_1)
FNDA:1,(anonymous_2)
FNDA:1,(anonymous_3)
FNDA:5,(anonymous_4)
FNDA:0,(anonymous_5)
DA:10,3
DA:11,3
DA:19,3
DA:20,3
DA:23,1
DA:24,1
DA:28,1
DA:32,1
DA:33,1
DA:37,1
DA:41,5
DA:43,5
DA:104,2
DA:109,2
LF:14
LH:14
BRDA:23,0,0,1
BRDA:23,0,1,0
BRDA:67,1,0,5
BRDA:67,1,1,1
BRDA:82,2,0,5
BRDA:82,2,1,0
BRF:6
BRH:4
end_of_record
TN:
SF:/Users/lindsey/Documents/React-Fast-Food/src/constants/ActionTypes.js
FNF:0
FNH:0
DA:1,4
LF:1
LH:1
BRF:0
BRH:0
end_of_record
