TN:
SF:/Users/lindsey/Documents/React-Fast-Food/src/App.js
FN:11,(anonymous_0)
FN:21,(anonymous_1)
FN:29,(anonymous_2)
FNF:3
FNH:1
FNDA:1,(anonymous_0)
FNDA:0,(anonymous_1)
FNDA:0,(anonymous_2)
DA:12,1
DA:13,1
DA:22,0
DA:30,0
LF:4
LH:2
BRDA:22,0,0,0
BRDA:22,0,1,0
BRDA:30,1,0,0
BRDA:30,1,1,0
BRF:4
BRH:0
end_of_record
TN:
SF:/Users/lindsey/Documents/React-Fast-Food/src/_tests_/BaseTest.js
FNF:0
FNH:0
DA:5,3
LF:1
LH:1
BRF:0
BRH:0
end_of_record
TN:
SF:/Users/lindsey/Documents/React-Fast-Food/src/actions/AuthActions.js
FN:6,(anonymous_0)
FN:6,(anonymous_1)
FN:15,(anonymous_2)
FN:16,(anonymous_3)
FN:25,(anonymous_4)
FN:25,(anonymous_5)
FN:34,(anonymous_6)
FN:35,(anonymous_7)
FNF:8
FNH:8
FNDA:1,(anonymous_0)
FNDA:1,(anonymous_1)
FNDA:1,(anonymous_2)
FNDA:1,(anonymous_3)
FNDA:1,(anonymous_4)
FNDA:1,(anonymous_5)
FNDA:1,(anonymous_6)
FNDA:1,(anonymous_7)
DA:5,4
DA:6,4
DA:7,1
DA:15,1
DA:17,1
DA:18,0
DA:20,1
DA:25,4
DA:26,1
DA:34,1
DA:36,1
DA:37,0
DA:42,1
DA:43,1
DA:44,1
DA:45,1
LF:16
LH:14
BRDA:17,0,0,0
BRDA:17,0,1,1
BRDA:36,1,0,0
BRDA:36,1,1,1
BRF:4
BRH:2
end_of_record
TN:
SF:/Users/lindsey/Documents/React-Fast-Food/src/actions/MenuActions.js
FN:6,(anonymous_0)
FN:6,(anonymous_1)
FN:20,(anonymous_2)
FN:21,(anonymous_3)
FNF:4
FNH:4
FNDA:1,(anonymous_0)
FNDA:1,(anonymous_1)
FNDA:1,(anonymous_2)
FNDA:1,(anonymous_3)
DA:4,3
DA:5,3
DA:6,3
DA:7,1
DA:8,1
DA:9,1
DA:11,1
DA:12,1
DA:20,1
DA:22,1
LF:10
LH:10
BRDA:6,0,0,1
BRDA:8,1,0,1
BRDA:8,1,1,0
BRF:3
BRH:2
end_of_record
TN:
SF:/Users/lindsey/Documents/React-Fast-Food/src/components/Login.js
FN:9,(anonymous_0)
FN:22,(anonymous_1)
FN:27,(anonymous_2)
FN:31,(anonymous_3)
FN:40,(anonymous_4)
FN:111,(anonymous_5)
FNF:6
FNH:5
FNDA:7,(anonymous_0)
FNDA:1,(anonymous_1)
FNDA:1,(anonymous_2)
FNDA:1,(anonymous_3)
FNDA:9,(anonymous_4)
FNDA:0,(anonymous_5)
DA:10,7
DA:11,7
DA:19,7
DA:20,7
DA:23,1
DA:24,1
DA:28,1
DA:32,1
DA:33,1
DA:37,1
DA:41,9
DA:43,9
DA:106,2
DA:111,2
LF:14
LH:14
BRDA:23,0,0,1
BRDA:23,0,1,0
BRDA:58,1,0,9
BRDA:58,1,1,0
BRDA:83,2,0,9
BRDA:83,2,1,0
BRF:6
BRH:3
end_of_record
TN:
SF:/Users/lindsey/Documents/React-Fast-Food/src/components/Menu.js
FN:8,(anonymous_0)
FN:22,(anonymous_1)
FN:26,(anonymous_2)
FN:31,(anonymous_3)
FN:35,(anonymous_4)
FN:44,(anonymous_5)
FN:66,(anonymous_6)
FN:83,(anonymous_7)
FN:154,(anonymous_8)
FNF:9
FNH:5
FNDA:4,(anonymous_0)
FNDA:4,(anonymous_1)
FNDA:0,(anonymous_2)
FNDA:1,(anonymous_3)
FNDA:1,(anonymous_4)
FNDA:5,(anonymous_5)
FNDA:0,(anonymous_6)
FNDA:0,(anonymous_7)
FNDA:0,(anonymous_8)
DA:9,4
DA:10,4
DA:18,4
DA:19,4
DA:23,4
DA:27,0
DA:28,0
DA:32,1
DA:36,1
DA:37,1
DA:41,1
DA:45,5
DA:47,5
DA:67,0
DA:68,0
DA:84,0
DA:149,2
DA:154,2
LF:18
LH:13
BRDA:27,0,0,0
BRDA:27,0,1,0
BRF:2
BRH:0
end_of_record
TN:
SF:/Users/lindsey/Documents/React-Fast-Food/src/components/Signup.js
FN:9,(anonymous_0)
FN:22,(anonymous_1)
FN:27,(anonymous_2)
FN:31,(anonymous_3)
FN:40,(anonymous_4)
FN:109,(anonymous_5)
FNF:6
FNH:5
FNDA:3,(anonymous_0)
FNDA:1,(anonymous_1)
FNDA:1,(anonymous_2)
FNDA:1,(anonymous_3)
FNDA:5,(anonymous_4)
FNDA:0,(anonymous_5)
DA:10,3
DA:11,3
DA:19,3
DA:20,3
DA:23,1
DA:24,1
DA:28,1
DA:32,1
DA:33,1
DA:37,1
DA:41,5
DA:43,5
DA:104,2
DA:109,2
LF:14
LH:14
BRDA:23,0,0,1
BRDA:23,0,1,0
BRDA:67,1,0,5
BRDA:67,1,1,1
BRDA:82,2,0,5
BRDA:82,2,1,0
BRF:6
BRH:4
end_of_record
TN:
SF:/Users/lindsey/Documents/React-Fast-Food/src/constants/ActionTypes.js
FNF:0
FNH:0
DA:1,6
DA:2,6
DA:3,6
LF:3
LH:3
BRF:0
BRH:0
end_of_record
